<?xml version="1.0" encoding="UTF-8"?>
<!-- Generated by org.testng.reporters.JUnitXMLReporter -->
<testsuite hostname="ZpeedX" ignored="0" tests="11" failures="1" timestamp="07 mar 2018 20:43:36 GMT" time="65.846" errors="0">
  <testcase name="testRegisterLink" time="2.23" classname="RunTests"/>
  <testcase name="testRegister" time="15.962" classname="RunTests"/>
  <testcase name="testLogout" time="0.603" classname="RunTests"/>
  <testcase name="testLogin" time="2.59" classname="RunTests"/>
  <testcase name="testParticipantLinks" time="1.081" classname="RunTests"/>
  <testcase name="testApplyPage" time="11.132" classname="RunTests"/>
  <testcase name="testParticipantLogout" time="1.966" classname="RunTests"/>
  <testcase name="testRecruiterLogin" time="0.598" classname="RunTests"/>
  <testcase name="testRecruiterLinks" time="0.714" classname="RunTests"/>
  <testcase name="testApplicationsPage" time="4.83" classname="RunTests"/>
  <testcase name="testAppOverviewPage" time="15.655" classname="RunTests">
    <failure type="org.openqa.selenium.TimeoutException" message="Expected condition failed: waiting for visibility of element located by By.id: currentStatus (tried for 10 second(s) with 500 milliseconds interval)">
      <![CDATA[org.openqa.selenium.TimeoutException: Expected condition failed: waiting for visibility of element located by By.id: currentStatus (tried for 10 second(s) with 500 milliseconds interval)
at org.openqa.selenium.support.ui.WebDriverWait.timeoutException(WebDriverWait.java:82)
at org.openqa.selenium.support.ui.FluentWait.until(FluentWait.java:272)
at CommonMethods.waitUntil(CommonMethods.java:27)
at RecruiterTest.testAppOverviewPage(RecruiterTest.java:104)
at RunTests.testAppOverviewPage(RunTests.java:154)
at java.util.concurrent.FutureTask.run(FutureTask.java:266)
at java.util.concurrent.ThreadPoolExecutor.runWorker(ThreadPoolExecutor.java:1142)
at java.util.concurrent.ThreadPoolExecutor$Worker.run(ThreadPoolExecutor.java:617)
at java.lang.Thread.run(Thread.java:745)
Caused by: org.openqa.selenium.NoSuchElementException: Cannot locate an element using By.id: currentStatus
For documentation on this error, please visit: http://seleniumhq.org/exceptions/no_such_element.html
Build info: version: '3.10.0', revision: '176b4a9', time: '2018-03-02T19:03:16.397Z'
System info: host: 'ZPEEDX', ip: '192.168.56.1', os.name: 'Windows 10', os.arch: 'amd64', os.version: '10.0', java.version: '1.8.0_101'
Driver info: driver.version: unknown
at org.openqa.selenium.support.ui.ExpectedConditions.lambda$findElement$0(ExpectedConditions.java:896)
at java.util.Optional.orElseThrow(Optional.java:290)
at org.openqa.selenium.support.ui.ExpectedConditions.findElement(ExpectedConditions.java:895)
at org.openqa.selenium.support.ui.ExpectedConditions.access$000(ExpectedConditions.java:44)
at org.openqa.selenium.support.ui.ExpectedConditions$7.apply(ExpectedConditions.java:206)
at org.openqa.selenium.support.ui.ExpectedConditions$7.apply(ExpectedConditions.java:202)
at org.openqa.selenium.support.ui.FluentWait.until(FluentWait.java:249)
... 23 more
... Removed 16 stack frames]]>
    </failure>
  </testcase> <!-- testAppOverviewPage -->
</testsuite>
