<?xml version="1.0" encoding="UTF-8"?>
<!-- Generated by org.testng.reporters.JUnitXMLReporter -->
<testsuite hostname="ZpeedX" ignored="0" tests="11" failures="0" timestamp="07 mar 2018 20:43:38 GMT" time="67.599" errors="0">
  <testcase name="testRegisterLink" time="0.477" classname="RunTests"/>
  <testcase name="testRegister" time="12.279" classname="RunTests"/>
  <testcase name="testLogout" time="0.59" classname="RunTests"/>
  <testcase name="testLogin" time="1.506" classname="RunTests"/>
  <testcase name="testParticipantLinks" time="0.914" classname="RunTests"/>
  <testcase name="testApplyPage" time="19.282" classname="RunTests"/>
  <testcase name="testParticipantLogout" time="2.346" classname="RunTests"/>
  <testcase name="testRecruiterLogin" time="0.423" classname="RunTests"/>
  <testcase name="testRecruiterLinks" time="0.936" classname="RunTests"/>
  <testcase name="testApplicationsPage" time="4.276" classname="RunTests"/>
  <testcase name="testAppOverviewPage" time="7.7" classname="RunTests"/>
</testsuite>
