<?xml version="1.0" encoding="UTF-8"?>
<!-- Generated by org.testng.reporters.JUnitXMLReporter -->
<testsuite hostname="ZpeedX" ignored="0" tests="11" failures="0" timestamp="08 mar 2018 02:58:22 GMT" time="70.181" errors="0">
  <testcase name="testRegisterLink" time="0.41" classname="RunTests"/>
  <testcase name="testRegister" time="12.119" classname="RunTests"/>
  <testcase name="testLogout" time="0.555" classname="RunTests"/>
  <testcase name="testLogin" time="1.352" classname="RunTests"/>
  <testcase name="testParticipantLinks" time="1.781" classname="RunTests"/>
  <testcase name="testApplyPage" time="24.339" classname="RunTests"/>
  <testcase name="testParticipantLogout" time="1.813" classname="RunTests"/>
  <testcase name="testRecruiterLogin" time="0.857" classname="RunTests"/>
  <testcase name="testRecruiterLinks" time="1.339" classname="RunTests"/>
  <testcase name="testApplicationsPage" time="6.126" classname="RunTests"/>
  <testcase name="testAppOverviewPage" time="12.732" classname="RunTests"/>
</testsuite>
