<?xml version="1.0" encoding="UTF-8"?>
<!-- Generated by org.testng.reporters.JUnitXMLReporter -->
<testsuite hostname="ZpeedX" ignored="0" tests="11" failures="0" timestamp="08 mar 2018 02:58:10 GMT" time="58.967" errors="0">
  <testcase name="testRegisterLink" time="0.333" classname="RunTests"/>
  <testcase name="testRegister" time="13.409" classname="RunTests"/>
  <testcase name="testLogout" time="0.319" classname="RunTests"/>
  <testcase name="testLogin" time="1.839" classname="RunTests"/>
  <testcase name="testParticipantLinks" time="1.314" classname="RunTests"/>
  <testcase name="testApplyPage" time="15.941" classname="RunTests"/>
  <testcase name="testParticipantLogout" time="1.472" classname="RunTests"/>
  <testcase name="testRecruiterLogin" time="0.837" classname="RunTests"/>
  <testcase name="testRecruiterLinks" time="0.934" classname="RunTests"/>
  <testcase name="testApplicationsPage" time="4.75" classname="RunTests"/>
  <testcase name="testAppOverviewPage" time="12.909" classname="RunTests"/>
</testsuite>
